<?xml version="1.0" encoding="UTF-8"?>
<robot generator="Robot 4.1.2 (Python 3.9.7 on darwin)" generated="20220720 12:25:10.841" rpa="false" schemaversion="2">
<suite id="s1" name="Verify Planaftersignup" source="/Users/abinaya/Documents/QA/QA/TestSuite/SmokeTestCommerceDashboard/verify_planaftersignup.robot">
<test id="s1-t1" name="Store onboarding signup">
<kw name="Open Instamojo" library="TestSetUp" type="SETUP">
<arg>${browser}</arg>
<kw name="Open Browser" library="SeleniumLibrary">
<arg>${url}</arg>
<arg>${browser}</arg>
<doc>Opens a new browser instance to the optional ``url``.</doc>
<msg timestamp="20220720 12:25:11.182" level="INFO">Opening browser 'chrome' to base url 'https://staging.instamojo.com/accounts/login/'.</msg>
<status status="PASS" starttime="20220720 12:25:11.181" endtime="20220720 12:25:17.781"/>
</kw>
<kw name="Maximize Browser Window" library="SeleniumLibrary">
<doc>Maximizes current browser window.</doc>
<status status="PASS" starttime="20220720 12:25:17.781" endtime="20220720 12:25:17.915"/>
</kw>
<kw name="Set Selenium Implicit Wait" library="SeleniumLibrary">
<arg>20s</arg>
<doc>Sets the implicit wait value used by Selenium.</doc>
<status status="PASS" starttime="20220720 12:25:17.915" endtime="20220720 12:25:17.917"/>
</kw>
<status status="PASS" starttime="20220720 12:25:11.181" endtime="20220720 12:25:17.917"/>
</kw>
<kw name="Verify the login page is displayed" library="LoginPage">
<kw name="Page Should Contain Textfield" library="SeleniumLibrary">
<arg>${LoginUNTextBox}</arg>
<doc>Verifies text field ``locator`` is found from current page.</doc>
<msg timestamp="20220720 12:25:17.948" level="INFO">Current page contains text field 'xpath://input[@id='id_login_username']'.</msg>
<status status="PASS" starttime="20220720 12:25:17.918" endtime="20220720 12:25:17.949"/>
</kw>
<kw name="Page Should Contain Textfield" library="SeleniumLibrary">
<arg>${LoginPWTextBox}</arg>
<doc>Verifies text field ``locator`` is found from current page.</doc>
<msg timestamp="20220720 12:25:17.978" level="INFO">Current page contains text field 'xpath://input[@id='id_login_password']'.</msg>
<status status="PASS" starttime="20220720 12:25:17.950" endtime="20220720 12:25:17.978"/>
</kw>
<kw name="Page Should Contain Button" library="SeleniumLibrary">
<arg>${LoginButton}</arg>
<doc>Verifies button ``locator`` is found from current page.</doc>
<msg timestamp="20220720 12:25:17.989" level="INFO">Current page contains input 'xpath://input[@id='submit']'.</msg>
<status status="PASS" starttime="20220720 12:25:17.978" endtime="20220720 12:25:17.990"/>
</kw>
<status status="PASS" starttime="20220720 12:25:17.917" endtime="20220720 12:25:17.990"/>
</kw>
<kw name="Click signup for free" library="LoginPage">
<kw name="Click Link" library="SeleniumLibrary">
<arg>${SignUpForFree}</arg>
<doc>Clicks a link identified by ``locator``.</doc>
<msg timestamp="20220720 12:25:17.990" level="INFO">Clicking link 'xpath://a[contains(text(),'Sign Up for Free')]'.</msg>
<status status="PASS" starttime="20220720 12:25:17.990" endtime="20220720 12:25:20.990"/>
</kw>
<status status="PASS" starttime="20220720 12:25:17.990" endtime="20220720 12:25:20.991"/>
</kw>
<kw name="Verify the signup page is displayed" library="SignupPage">
<kw name="Sleep" library="BuiltIn">
<arg>2s</arg>
<doc>Pauses the test executed for the given time.</doc>
<msg timestamp="20220720 12:25:22.993" level="INFO">Slept 2 seconds</msg>
<status status="PASS" starttime="20220720 12:25:20.991" endtime="20220720 12:25:22.993"/>
</kw>
<kw name="Page Should Contain Textfield" library="SeleniumLibrary">
<arg>${SignUpUNTextBox}</arg>
<doc>Verifies text field ``locator`` is found from current page.</doc>
<msg timestamp="20220720 12:25:23.039" level="INFO">Current page contains text field 'xpath://input[@id='id_email']'.</msg>
<status status="PASS" starttime="20220720 12:25:22.994" endtime="20220720 12:25:23.039"/>
</kw>
<kw name="Page Should Contain Textfield" library="SeleniumLibrary">
<arg>${SignUpPWTextBox}</arg>
<doc>Verifies text field ``locator`` is found from current page.</doc>
<msg timestamp="20220720 12:25:23.057" level="INFO">Current page contains text field 'xpath://input[@id='id_password']'.</msg>
<status status="PASS" starttime="20220720 12:25:23.039" endtime="20220720 12:25:23.057"/>
</kw>
<kw name="Page Should Contain Button" library="SeleniumLibrary">
<arg>${SignUpButton}</arg>
<doc>Verifies button ``locator`` is found from current page.</doc>
<msg timestamp="20220720 12:25:23.069" level="INFO">Current page contains input 'xpath://input[@id='submit-signup']'.</msg>
<status status="PASS" starttime="20220720 12:25:23.058" endtime="20220720 12:25:23.069"/>
</kw>
<status status="PASS" starttime="20220720 12:25:20.991" endtime="20220720 12:25:23.069"/>
</kw>
<kw name="Insert signup username" library="SignupPage">
<kw name="Generate Random String" library="String">
<var>${Random}</var>
<arg>10</arg>
<arg>[LOWER]</arg>
<doc>Generates a string with a desired ``length`` from the given ``chars``.</doc>
<msg timestamp="20220720 12:25:23.070" level="INFO">${Random} = rnhhgynjwi</msg>
<status status="PASS" starttime="20220720 12:25:23.070" endtime="20220720 12:25:23.070"/>
</kw>
<kw name="Set Variable" library="BuiltIn">
<var>${SignUpUN}</var>
<arg>automation-${Random}${Domain}</arg>
<doc>Returns the given values which can then be assigned to a variables.</doc>
<msg timestamp="20220720 12:25:23.070" level="INFO">${SignUpUN} = automation-rnhhgynjwi@test.com</msg>
<status status="PASS" starttime="20220720 12:25:23.070" endtime="20220720 12:25:23.070"/>
</kw>
<kw name="Sleep" library="BuiltIn">
<arg>2s</arg>
<doc>Pauses the test executed for the given time.</doc>
<msg timestamp="20220720 12:25:25.072" level="INFO">Slept 2 seconds</msg>
<status status="PASS" starttime="20220720 12:25:23.071" endtime="20220720 12:25:25.073"/>
</kw>
<kw name="Input Text" library="SeleniumLibrary">
<arg>${SignUpUNTextBox}</arg>
<arg>${SignUpUN}</arg>
<doc>Types the given ``text`` into the text field identified by ``locator``.</doc>
<msg timestamp="20220720 12:25:25.074" level="INFO">Typing text 'automation-rnhhgynjwi@test.com' into text field 'xpath://input[@id='id_email']'.</msg>
<status status="PASS" starttime="20220720 12:25:25.073" endtime="20220720 12:25:25.249"/>
</kw>
<status status="PASS" starttime="20220720 12:25:23.069" endtime="20220720 12:25:25.250"/>
</kw>
<kw name="Insert signup password" library="SignupPage">
<kw name="Input Password" library="SeleniumLibrary">
<arg>${SignUpPWTextBox}</arg>
<arg>${SignUpPW}</arg>
<doc>Types the given password into the text field identified by ``locator``.</doc>
<msg timestamp="20220720 12:25:25.251" level="INFO">Typing password into text field 'xpath://input[@id='id_password']'.</msg>
<msg timestamp="20220720 12:25:25.286" level="INFO">Temporally setting log level to: NONE</msg>
<msg timestamp="20220720 12:25:25.340" level="INFO">Log level changed from NONE to INFO.</msg>
<status status="PASS" starttime="20220720 12:25:25.250" endtime="20220720 12:25:25.340"/>
</kw>
<status status="PASS" starttime="20220720 12:25:25.250" endtime="20220720 12:25:25.341"/>
</kw>
<kw name="Click on signup button" library="SignupPage">
<kw name="Click Button" library="SeleniumLibrary">
<arg>${SignUpButton}</arg>
<doc>Clicks the button identified by ``locator``.</doc>
<msg timestamp="20220720 12:25:25.342" level="INFO">Clicking button 'xpath://input[@id='submit-signup']'.</msg>
<status status="PASS" starttime="20220720 12:25:25.341" endtime="20220720 12:25:35.256"/>
</kw>
<status status="PASS" starttime="20220720 12:25:25.341" endtime="20220720 12:25:35.256"/>
</kw>
<kw name="Verify the otp page is displayed" library="OtpPage">
<kw name="Sleep" library="BuiltIn">
<arg>2s</arg>
<doc>Pauses the test executed for the given time.</doc>
<msg timestamp="20220720 12:25:37.258" level="INFO">Slept 2 seconds</msg>
<status status="PASS" starttime="20220720 12:25:35.257" endtime="20220720 12:25:37.258"/>
</kw>
<kw name="Page Should Contain Element" library="SeleniumLibrary">
<arg>${MobileNumber}</arg>
<doc>Verifies that element ``locator`` is found on the current page.</doc>
<msg timestamp="20220720 12:25:37.270" level="INFO">Current page contains element 'xpath://div[@class='columns small-10']//input'.</msg>
<status status="PASS" starttime="20220720 12:25:37.259" endtime="20220720 12:25:37.270"/>
</kw>
<kw name="Page Should Contain Element" library="SeleniumLibrary">
<arg>${SendOTP}</arg>
<doc>Verifies that element ``locator`` is found on the current page.</doc>
<msg timestamp="20220720 12:25:37.281" level="INFO">Current page contains element 'xpath=//div[@id='dashboard']/div/div/div[3]/section/div/div/div[2]/div/div/div/ul/div/div/div/div/form/div/div/ul/li[2]/div/div/input'.</msg>
<status status="PASS" starttime="20220720 12:25:37.270" endtime="20220720 12:25:37.281"/>
</kw>
<status status="PASS" starttime="20220720 12:25:35.257" endtime="20220720 12:25:37.281"/>
</kw>
<kw name="Enter the mobile number" library="OtpPage">
<kw name="Sleep" library="BuiltIn">
<arg>3s</arg>
<doc>Pauses the test executed for the given time.</doc>
<msg timestamp="20220720 12:25:40.282" level="INFO">Slept 3 seconds</msg>
<status status="PASS" starttime="20220720 12:25:37.282" endtime="20220720 12:25:40.282"/>
</kw>
<kw name="Input Text" library="SeleniumLibrary">
<arg>${MobileNumber}</arg>
<arg>9891321373</arg>
<doc>Types the given ``text`` into the text field identified by ``locator``.</doc>
<msg timestamp="20220720 12:25:40.283" level="INFO">Typing text '9891321373' into text field 'xpath://div[@class='columns small-10']//input'.</msg>
<status status="PASS" starttime="20220720 12:25:40.283" endtime="20220720 12:25:40.466"/>
</kw>
<status status="PASS" starttime="20220720 12:25:37.281" endtime="20220720 12:25:40.467"/>
</kw>
<kw name="Click on send OTP button" library="OtpPage">
<kw name="Click Button" library="SeleniumLibrary">
<arg>${SendOTP}</arg>
<doc>Clicks the button identified by ``locator``.</doc>
<msg timestamp="20220720 12:25:40.467" level="INFO">Clicking button 'xpath=//div[@id='dashboard']/div/div/div[3]/section/div/div/div[2]/div/div/div/ul/div/div/div/div/form/div/div/ul/li[2]/div/div/input'.</msg>
<status status="PASS" starttime="20220720 12:25:40.467" endtime="20220720 12:25:40.539"/>
</kw>
<status status="PASS" starttime="20220720 12:25:40.467" endtime="20220720 12:25:40.539"/>
</kw>
<kw name="Enter the OTP" library="OtpPage">
<kw name="Input Text" library="SeleniumLibrary">
<arg>${OTPField1}</arg>
<arg>1</arg>
<doc>Types the given ``text`` into the text field identified by ``locator``.</doc>
<msg timestamp="20220720 12:25:40.540" level="INFO">Typing text '1' into text field 'xpath://div[contains(@class,'can-has-errors')]//div//div[1]//input[1]'.</msg>
<status status="PASS" starttime="20220720 12:25:40.540" endtime="20220720 12:25:41.006"/>
</kw>
<kw name="Sleep" library="BuiltIn">
<arg>1s</arg>
<doc>Pauses the test executed for the given time.</doc>
<msg timestamp="20220720 12:25:42.006" level="INFO">Slept 1 second</msg>
<status status="PASS" starttime="20220720 12:25:41.006" endtime="20220720 12:25:42.007"/>
</kw>
<kw name="Input Text" library="SeleniumLibrary">
<arg>${OTPField2}</arg>
<arg>2</arg>
<doc>Types the given ``text`` into the text field identified by ``locator``.</doc>
<msg timestamp="20220720 12:25:42.008" level="INFO">Typing text '2' into text field 'xpath://div[contains(@class,'columns medium-12 small-centered')]//div[2]//input[1]'.</msg>
<status status="PASS" starttime="20220720 12:25:42.007" endtime="20220720 12:25:42.071"/>
</kw>
<kw name="Sleep" library="BuiltIn">
<arg>1s</arg>
<doc>Pauses the test executed for the given time.</doc>
<msg timestamp="20220720 12:25:43.072" level="INFO">Slept 1 second</msg>
<status status="PASS" starttime="20220720 12:25:42.071" endtime="20220720 12:25:43.073"/>
</kw>
<kw name="Input Text" library="SeleniumLibrary">
<arg>${OTPField3}</arg>
<arg>3</arg>
<doc>Types the given ``text`` into the text field identified by ``locator``.</doc>
<msg timestamp="20220720 12:25:43.073" level="INFO">Typing text '3' into text field 'xpath://div[contains(@class,'row')]//div[3]//input[1]'.</msg>
<status status="PASS" starttime="20220720 12:25:43.073" endtime="20220720 12:25:43.140"/>
</kw>
<kw name="Sleep" library="BuiltIn">
<arg>1s</arg>
<doc>Pauses the test executed for the given time.</doc>
<msg timestamp="20220720 12:25:44.141" level="INFO">Slept 1 second</msg>
<status status="PASS" starttime="20220720 12:25:43.140" endtime="20220720 12:25:44.141"/>
</kw>
<kw name="Input Text" library="SeleniumLibrary">
<arg>${OTPField4}</arg>
<arg>4</arg>
<doc>Types the given ``text`` into the text field identified by ``locator``.</doc>
<msg timestamp="20220720 12:25:44.142" level="INFO">Typing text '4' into text field 'xpath://div[4]//input[1]'.</msg>
<status status="PASS" starttime="20220720 12:25:44.141" endtime="20220720 12:25:44.204"/>
</kw>
<kw name="Sleep" library="BuiltIn">
<arg>1s</arg>
<doc>Pauses the test executed for the given time.</doc>
<msg timestamp="20220720 12:25:45.205" level="INFO">Slept 1 second</msg>
<status status="PASS" starttime="20220720 12:25:44.204" endtime="20220720 12:25:45.205"/>
</kw>
<status status="PASS" starttime="20220720 12:25:40.539" endtime="20220720 12:25:45.205"/>
</kw>
<kw name="Wait Until Keyword Succeeds" library="BuiltIn">
<arg>20 sec</arg>
<arg>5 sec</arg>
<arg>Click on the verify otp button</arg>
<doc>Runs the specified keyword and retries if it fails.</doc>
<kw name="Click on the verify otp button" library="OtpPage">
<kw name="Click Element" library="SeleniumLibrary">
<arg>${VerifyOTP}</arg>
<doc>Click the element identified by ``locator``.</doc>
<msg timestamp="20220720 12:25:45.208" level="INFO">Clicking element 'xpath://input[contains(@class,'btn btn-green btn-block push--bottom')]'.</msg>
<status status="PASS" starttime="20220720 12:25:45.207" endtime="20220720 12:25:45.313"/>
</kw>
<kw name="Sleep" library="BuiltIn">
<arg>2s</arg>
<doc>Pauses the test executed for the given time.</doc>
<msg timestamp="20220720 12:25:47.315" level="INFO">Slept 2 seconds</msg>
<status status="PASS" starttime="20220720 12:25:45.314" endtime="20220720 12:25:47.315"/>
</kw>
<kw name="Get Text" library="SeleniumLibrary">
<var>${btnValue}</var>
<arg>${test}</arg>
<doc>Returns the text value of the element identified by ``locator``.</doc>
<msg timestamp="20220720 12:25:49.340" level="INFO">${btnValue} = Get started with your online business</msg>
<status status="PASS" starttime="20220720 12:25:47.315" endtime="20220720 12:25:49.340"/>
</kw>
<kw name="Run Keyword And Return Status" library="BuiltIn">
<var>${passed}</var>
<arg>Should be Equal</arg>
<arg>${btnValue}</arg>
<arg>Get started with Instamojo</arg>
<doc>Runs the given keyword with given arguments and returns the status as a Boolean value.</doc>
<kw name="Should Be Equal" library="BuiltIn">
<arg>${btnValue}</arg>
<arg>Get started with Instamojo</arg>
<doc>Fails if the given objects are unequal.</doc>
<msg timestamp="20220720 12:25:49.341" level="FAIL">Get started with your online business != Get started with Instamojo</msg>
<status status="FAIL" starttime="20220720 12:25:49.340" endtime="20220720 12:25:49.341"/>
</kw>
<msg timestamp="20220720 12:25:49.341" level="INFO">${passed} = False</msg>
<status status="PASS" starttime="20220720 12:25:49.340" endtime="20220720 12:25:49.341"/>
</kw>
<status status="PASS" starttime="20220720 12:25:45.206" endtime="20220720 12:25:49.342"/>
</kw>
<status status="PASS" starttime="20220720 12:25:45.206" endtime="20220720 12:25:49.342"/>
</kw>
<kw name="Verify the intent selection page is displayed" library="IntentPage">
<kw name="Page Should Contain Element" library="SeleniumLibrary">
<arg>${Payments}</arg>
<doc>Verifies that element ``locator`` is found on the current page.</doc>
<msg timestamp="20220720 12:25:49.353" level="INFO">Current page contains element 'xpath://div[contains(@class,'delta')][contains(text(),'Payments')]'.</msg>
<status status="PASS" starttime="20220720 12:25:49.343" endtime="20220720 12:25:49.353"/>
</kw>
<kw name="Page Should Contain Element" library="SeleniumLibrary">
<arg>${FreeOnlineStore}</arg>
<doc>Verifies that element ``locator`` is found on the current page.</doc>
<msg timestamp="20220720 12:25:49.364" level="INFO">Current page contains element 'xpath://div[contains(text(),'Free Online Store')]'.</msg>
<status status="PASS" starttime="20220720 12:25:49.353" endtime="20220720 12:25:49.364"/>
</kw>
<status status="PASS" starttime="20220720 12:25:49.342" endtime="20220720 12:25:49.364"/>
</kw>
<kw name="Select store intent" library="IntentPage">
<kw name="Sleep" library="BuiltIn">
<arg>2s</arg>
<doc>Pauses the test executed for the given time.</doc>
<msg timestamp="20220720 12:25:51.367" level="INFO">Slept 2 seconds</msg>
<status status="PASS" starttime="20220720 12:25:49.365" endtime="20220720 12:25:51.368"/>
</kw>
<kw name="Click Element" library="SeleniumLibrary">
<arg>${FreeOnlineStore}</arg>
<doc>Click the element identified by ``locator``.</doc>
<msg timestamp="20220720 12:25:51.369" level="INFO">Clicking element 'xpath://div[contains(text(),'Free Online Store')]'.</msg>
<status status="PASS" starttime="20220720 12:25:51.368" endtime="20220720 12:25:51.413"/>
</kw>
<status status="PASS" starttime="20220720 12:25:49.365" endtime="20220720 12:25:51.413"/>
</kw>
<kw name="Enter Store Name" library="OnboardStep01">
<kw name="Sleep" library="BuiltIn">
<arg>2s</arg>
<doc>Pauses the test executed for the given time.</doc>
<msg timestamp="20220720 12:25:53.415" level="INFO">Slept 2 seconds</msg>
<status status="PASS" starttime="20220720 12:25:51.414" endtime="20220720 12:25:53.415"/>
</kw>
<kw name="Input Text" library="SeleniumLibrary">
<arg>${StoreNameInputBox}</arg>
<arg>akt01</arg>
<doc>Types the given ``text`` into the text field identified by ``locator``.</doc>
<msg timestamp="20220720 12:25:53.416" level="INFO">Typing text 'akt01' into text field 'xpath://input[@placeholder='Example : My Store Name']'.</msg>
<kw name="Capture Page Screenshot" library="SeleniumLibrary">
<doc>Takes a screenshot of the current page and embeds it into a log file.</doc>
<msg timestamp="20220720 12:27:41.218" level="FAIL">NoSuchWindowException: Message: no such window: target window already closed
from unknown error: web view not found
  (Session info: chrome=103.0.5060.134)
Stacktrace:
0   chromedriver                        0x000000010a21e079 chromedriver + 4444281
1   chromedriver                        0x000000010a1aa403 chromedriver + 3970051
2   chromedriver                        0x0000000109e45038 chromedriver + 409656
3   chromedriver                        0x0000000109e26608 chromedriver + 284168
4   chromedriver                        0x0000000109e9bcab chromedriver + 765099
5   chromedriver                        0x0000000109eaa88f chromedriver + 825487
6   chromedriver                        0x0000000109e98683 chromedriver + 751235
7   chromedriver                        0x0000000109e6ea45 chromedriver + 580165
8   chromedriver                        0x0000000109e6fa95 chromedriver + 584341
9   chromedriver                        0x000000010a1ef55d chromedriver + 4253021
10  chromedriver                        0x000000010a1f43a1 chromedriver + 4273057
11  chromedriver                        0x000000010a1f916f chromedriver + 4292975
12  chromedriver                        0x000000010a1f4dea chromedriver + 4275690
13  chromedriver                        0x000000010a1ce54f chromedriver + 4117839
14  chromedriver                        0x000000010a20eed8 chromedriver + 4382424
15  chromedriver                        0x000000010a20f05f chromedriver + 4382815
16  chromedriver                        0x000000010a2258d5 chromedriver + 4475093
17  libsystem_pthread.dylib             0x00007fff203838fc _pthread_start + 224
18  libsystem_pthread.dylib             0x00007fff2037f443 thread_start + 15
</msg>
<status status="FAIL" starttime="20220720 12:27:41.203" endtime="20220720 12:27:41.218"/>
</kw>
<msg timestamp="20220720 12:27:41.218" level="WARN">Keyword 'Capture Page Screenshot' could not be run on failure: NoSuchWindowException: Message: no such window: target window already closed
from unknown error: web view not found
  (Session info: chrome=103.0.5060.134)
Stacktrace:
0   chromedriver                        0x000000010a21e079 chromedriver + 4444281
1   chromedriver                        0x000000010a1aa403 chromedriver + 3970051
2   chromedriver                        0x0000000109e45038 chromedriver + 409656
3   chromedriver                        0x0000000109e26608 chromedriver + 284168
4   chromedriver                        0x0000000109e9bcab chromedriver + 765099
5   chromedriver                        0x0000000109eaa88f chromedriver + 825487
6   chromedriver                        0x0000000109e98683 chromedriver + 751235
7   chromedriver                        0x0000000109e6ea45 chromedriver + 580165
    [ Message content over the limit has been removed. ]
...hromedriver                        0x0000000109e6fa95 chromedriver + 584341
9   chromedriver                        0x000000010a1ef55d chromedriver + 4253021
10  chromedriver                        0x000000010a1f43a1 chromedriver + 4273057
11  chromedriver                        0x000000010a1f916f chromedriver + 4292975
12  chromedriver                        0x000000010a1f4dea chromedriver + 4275690
13  chromedriver                        0x000000010a1ce54f chromedriver + 4117839
14  chromedriver                        0x000000010a20eed8 chromedriver + 4382424
15  chromedriver                        0x000000010a20f05f chromedriver + 4382815
16  chromedriver                        0x000000010a2258d5 chromedriver + 4475093
17  libsystem_pthread.dylib             0x00007fff203838fc _pthread_start + 224
18  libsystem_pthread.dylib             0x00007fff2037f443 thread_start + 15</msg>
<msg timestamp="20220720 12:27:41.231" level="FAIL">Element with locator 'xpath://input[@placeholder='Example : My Store Name']' not found.</msg>
<status status="FAIL" starttime="20220720 12:25:53.415" endtime="20220720 12:27:41.231"/>
</kw>
<status status="FAIL" starttime="20220720 12:25:51.413" endtime="20220720 12:27:41.232"/>
</kw>
<kw name="Click on Next Button of Step01" library="OnboardStep01">
<status status="NOT RUN" starttime="20220720 12:27:41.233" endtime="20220720 12:27:41.233"/>
</kw>
<kw name="Verify the onboard step02 page is displayed" library="OnboardStep02">
<status status="NOT RUN" starttime="20220720 12:27:41.233" endtime="20220720 12:27:41.233"/>
</kw>
<kw name="Enter insta username" library="OnboardStep02">
<status status="NOT RUN" starttime="20220720 12:27:41.233" endtime="20220720 12:27:41.233"/>
</kw>
<kw name="Enter FB page" library="OnboardStep02">
<status status="NOT RUN" starttime="20220720 12:27:41.234" endtime="20220720 12:27:41.234"/>
</kw>
<kw name="Enter Youtube channel" library="OnboardStep02">
<status status="NOT RUN" starttime="20220720 12:27:41.234" endtime="20220720 12:27:41.234"/>
</kw>
<kw name="Enter Website" library="OnboardStep02">
<status status="NOT RUN" starttime="20220720 12:27:41.235" endtime="20220720 12:27:41.235"/>
</kw>
<kw name="Click on Next Button of Step02" library="OnboardStep02">
<status status="NOT RUN" starttime="20220720 12:27:41.235" endtime="20220720 12:27:41.235"/>
</kw>
<kw name="Verify the onboard step03 page is displayed" library="OnboardStep03">
<status status="NOT RUN" starttime="20220720 12:27:41.236" endtime="20220720 12:27:41.236"/>
</kw>
<kw name="Select physical product" library="OnboardStep03">
<status status="NOT RUN" starttime="20220720 12:27:41.236" endtime="20220720 12:27:41.236"/>
</kw>
<kw name="CLick on Next Button of Step03" library="OnboardStep03">
<status status="NOT RUN" starttime="20220720 12:27:41.237" endtime="20220720 12:27:41.237"/>
</kw>
<kw name="Verify the onboard step04 page is displayed" library="OnboardStep04">
<status status="NOT RUN" starttime="20220720 12:27:41.237" endtime="20220720 12:27:41.237"/>
</kw>
<kw name="Select category" library="OnboardStep04">
<status status="NOT RUN" starttime="20220720 12:27:41.238" endtime="20220720 12:27:41.238"/>
</kw>
<kw name="CLick on Next Button of Step04" library="OnboardStep04">
<status status="NOT RUN" starttime="20220720 12:27:41.238" endtime="20220720 12:27:41.238"/>
</kw>
<kw name="Verify the onboard step05 page is displayed" library="OnboardStep05">
<status status="NOT RUN" starttime="20220720 12:27:41.239" endtime="20220720 12:27:41.239"/>
</kw>
<kw name="Select 1st url suggestion" library="OnboardStep05">
<status status="NOT RUN" starttime="20220720 12:27:41.240" endtime="20220720 12:27:41.241"/>
</kw>
<kw name="CLick on the create store" library="OnboardStep05">
<status status="NOT RUN" starttime="20220720 12:27:41.244" endtime="20220720 12:27:41.244"/>
</kw>
<kw name="Access Dashboard from sidebar" library="planpopupaftersignup">
<status status="NOT RUN" starttime="20220720 12:27:41.247" endtime="20220720 12:27:41.247"/>
</kw>
<kw name="Verify Plan" library="planpopupaftersignup">
<status status="NOT RUN" starttime="20220720 12:27:41.248" endtime="20220720 12:27:41.248"/>
</kw>
<kw name="Close Instamojo" library="TestSetUp" type="TEARDOWN">
<kw name="Sleep" library="BuiltIn">
<arg>2s</arg>
<doc>Pauses the test executed for the given time.</doc>
<msg timestamp="20220720 12:27:43.251" level="INFO">Slept 2 seconds</msg>
<status status="PASS" starttime="20220720 12:27:41.250" endtime="20220720 12:27:43.252"/>
</kw>
<kw name="Close All Browsers" library="SeleniumLibrary">
<doc>Closes all open browsers and resets the browser cache.</doc>
<status status="PASS" starttime="20220720 12:27:43.252" endtime="20220720 12:27:43.372"/>
</kw>
<status status="PASS" starttime="20220720 12:27:41.249" endtime="20220720 12:27:43.372"/>
</kw>
<tag>Smoke</tag>
<status status="FAIL" starttime="20220720 12:25:11.180" endtime="20220720 12:27:43.373">Element with locator 'xpath://input[@placeholder='Example : My Store Name']' not found.</status>
</test>
<doc>Verify subscriptionplan after sign up</doc>
<status status="FAIL" starttime="20220720 12:25:10.843" endtime="20220720 12:27:43.374"/>
</suite>
<statistics>
<total>
<stat pass="0" fail="1" skip="0">All Tests</stat>
</total>
<tag>
<stat pass="0" fail="1" skip="0">Smoke</stat>
</tag>
<suite>
<stat pass="0" fail="1" skip="0" id="s1" name="Verify Planaftersignup">Verify Planaftersignup</stat>
</suite>
</statistics>
<errors>
<msg timestamp="20220720 12:27:41.218" level="WARN">Keyword 'Capture Page Screenshot' could not be run on failure: NoSuchWindowException: Message: no such window: target window already closed
from unknown error: web view not found
  (Session info: chrome=103.0.5060.134)
Stacktrace:
0   chromedriver                        0x000000010a21e079 chromedriver + 4444281
1   chromedriver                        0x000000010a1aa403 chromedriver + 3970051
2   chromedriver                        0x0000000109e45038 chromedriver + 409656
3   chromedriver                        0x0000000109e26608 chromedriver + 284168
4   chromedriver                        0x0000000109e9bcab chromedriver + 765099
5   chromedriver                        0x0000000109eaa88f chromedriver + 825487
6   chromedriver                        0x0000000109e98683 chromedriver + 751235
7   chromedriver                        0x0000000109e6ea45 chromedriver + 580165
    [ Message content over the limit has been removed. ]
...hromedriver                        0x0000000109e6fa95 chromedriver + 584341
9   chromedriver                        0x000000010a1ef55d chromedriver + 4253021
10  chromedriver                        0x000000010a1f43a1 chromedriver + 4273057
11  chromedriver                        0x000000010a1f916f chromedriver + 4292975
12  chromedriver                        0x000000010a1f4dea chromedriver + 4275690
13  chromedriver                        0x000000010a1ce54f chromedriver + 4117839
14  chromedriver                        0x000000010a20eed8 chromedriver + 4382424
15  chromedriver                        0x000000010a20f05f chromedriver + 4382815
16  chromedriver                        0x000000010a2258d5 chromedriver + 4475093
17  libsystem_pthread.dylib             0x00007fff203838fc _pthread_start + 224
18  libsystem_pthread.dylib             0x00007fff2037f443 thread_start + 15</msg>
</errors>
</robot>
